<?xml version="1.0" encoding="UTF-8"?>
<testsuite xmlns:xsi="http://www.w3.org/2001/XMLSchema-instance" xsi:noNamespaceSchemaLocation="https://maven.apache.org/surefire/maven-surefire-plugin/xsd/surefire-test-report-3.0.xsd" version="3.0" name="TestSuite" time="73.479" tests="48" errors="0" skipped="22" failures="0">
  <properties>
    <property name="sun.desktop" value="windows"/>
    <property name="awt.toolkit" value="sun.awt.windows.WToolkit"/>
    <property name="file.encoding.pkg" value="sun.io"/>
    <property name="java.specification.version" value="1.8"/>
    <property name="webdriver.chrome.driver" value="E:\mostafa\.1testing\tef\drivers\chromedriver.exe"/>
    <property name="sun.cpu.isalist" value="amd64"/>
    <property name="sun.jnu.encoding" value="Cp1252"/>
    <property name="java.class.path" value="E:\mostafa\.1testing\tef\target\test-classes;E:\mostafa\.1testing\tef\target\classes;C:\Users\computer market\.m2\repository\org\apache\logging\log4j\log4j-slf4j-impl\2.13.3\log4j-slf4j-impl-2.13.3.jar;C:\Users\computer market\.m2\repository\org\slf4j\slf4j-api\1.7.25\slf4j-api-1.7.25.jar;C:\Users\computer market\.m2\repository\org\apache\logging\log4j\log4j-api\2.13.3\log4j-api-2.13.3.jar;C:\Users\computer market\.m2\repository\org\apache\logging\log4j\log4j-core\2.13.3\log4j-core-2.13.3.jar;C:\Users\computer market\.m2\repository\org\seleniumhq\selenium\selenium-java\4.1.3\selenium-java-4.1.3.jar;C:\Users\computer market\.m2\repository\org\seleniumhq\selenium\selenium-api\4.1.3\selenium-api-4.1.3.jar;C:\Users\computer market\.m2\repository\org\seleniumhq\selenium\selenium-chrome-driver\4.1.3\selenium-chrome-driver-4.1.3.jar;C:\Users\computer market\.m2\repository\com\google\auto\service\auto-service-annotations\1.0.1\auto-service-annotations-1.0.1.jar;C:\Users\computer market\.m2\repository\com\google\auto\service\auto-service\1.0.1\auto-service-1.0.1.jar;C:\Users\computer market\.m2\repository\com\google\auto\auto-common\1.2\auto-common-1.2.jar;C:\Users\computer market\.m2\repository\com\google\guava\guava\31.1-jre\guava-31.1-jre.jar;C:\Users\computer market\.m2\repository\com\google\guava\failureaccess\1.0.1\failureaccess-1.0.1.jar;C:\Users\computer market\.m2\repository\com\google\guava\listenablefuture\9999.0-empty-to-avoid-conflict-with-guava\listenablefuture-9999.0-empty-to-avoid-conflict-with-guava.jar;C:\Users\computer market\.m2\repository\org\checkerframework\checker-qual\3.12.0\checker-qual-3.12.0.jar;C:\Users\computer market\.m2\repository\com\google\errorprone\error_prone_annotations\2.11.0\error_prone_annotations-2.11.0.jar;C:\Users\computer market\.m2\repository\com\google\j2objc\j2objc-annotations\1.3\j2objc-annotations-1.3.jar;C:\Users\computer market\.m2\repository\org\seleniumhq\selenium\selenium-chromium-driver\4.1.3\selenium-chromium-driver-4.1.3.jar;C:\Users\computer market\.m2\repository\org\seleniumhq\selenium\selenium-json\4.1.3\selenium-json-4.1.3.jar;C:\Users\computer market\.m2\repository\org\seleniumhq\selenium\selenium-devtools-v85\4.1.3\selenium-devtools-v85-4.1.3.jar;C:\Users\computer market\.m2\repository\org\seleniumhq\selenium\selenium-devtools-v97\4.1.3\selenium-devtools-v97-4.1.3.jar;C:\Users\computer market\.m2\repository\org\seleniumhq\selenium\selenium-devtools-v98\4.1.3\selenium-devtools-v98-4.1.3.jar;C:\Users\computer market\.m2\repository\org\seleniumhq\selenium\selenium-devtools-v99\4.1.3\selenium-devtools-v99-4.1.3.jar;C:\Users\computer market\.m2\repository\org\seleniumhq\selenium\selenium-edge-driver\4.1.3\selenium-edge-driver-4.1.3.jar;C:\Users\computer market\.m2\repository\org\seleniumhq\selenium\selenium-firefox-driver\4.1.3\selenium-firefox-driver-4.1.3.jar;C:\Users\computer market\.m2\repository\org\seleniumhq\selenium\selenium-ie-driver\4.1.3\selenium-ie-driver-4.1.3.jar;C:\Users\computer market\.m2\repository\org\seleniumhq\selenium\selenium-opera-driver\4.1.3\selenium-opera-driver-4.1.3.jar;C:\Users\computer market\.m2\repository\org\seleniumhq\selenium\selenium-remote-driver\4.1.3\selenium-remote-driver-4.1.3.jar;C:\Users\computer market\.m2\repository\io\netty\netty-buffer\4.1.75.Final\netty-buffer-4.1.75.Final.jar;C:\Users\computer market\.m2\repository\io\netty\netty-codec-http\4.1.75.Final\netty-codec-http-4.1.75.Final.jar;C:\Users\computer market\.m2\repository\io\netty\netty-codec\4.1.75.Final\netty-codec-4.1.75.Final.jar;C:\Users\computer market\.m2\repository\io\netty\netty-handler\4.1.75.Final\netty-handler-4.1.75.Final.jar;C:\Users\computer market\.m2\repository\io\netty\netty-common\4.1.75.Final\netty-common-4.1.75.Final.jar;C:\Users\computer market\.m2\repository\io\netty\netty-transport-classes-epoll\4.1.75.Final\netty-transport-classes-epoll-4.1.75.Final.jar;C:\Users\computer market\.m2\repository\io\netty\netty-transport-classes-kqueue\4.1.75.Final\netty-transport-classes-kqueue-4.1.75.Final.jar;C:\Users\computer market\.m2\repository\io\netty\netty-transport-native-epoll\4.1.75.Final\netty-transport-native-epoll-4.1.75.Final.jar;C:\Users\computer market\.m2\repository\io\netty\netty-transport-native-kqueue\4.1.75.Final\netty-transport-native-kqueue-4.1.75.Final.jar;C:\Users\computer market\.m2\repository\io\netty\netty-transport-native-unix-common\4.1.75.Final\netty-transport-native-unix-common-4.1.75.Final.jar;C:\Users\computer market\.m2\repository\io\netty\netty-transport\4.1.75.Final\netty-transport-4.1.75.Final.jar;C:\Users\computer market\.m2\repository\io\netty\netty-resolver\4.1.75.Final\netty-resolver-4.1.75.Final.jar;C:\Users\computer market\.m2\repository\io\opentelemetry\opentelemetry-api\1.12.0\opentelemetry-api-1.12.0.jar;C:\Users\computer market\.m2\repository\io\opentelemetry\opentelemetry-context\1.12.0\opentelemetry-context-1.12.0.jar;C:\Users\computer market\.m2\repository\io\opentelemetry\opentelemetry-exporter-logging\1.12.0\opentelemetry-exporter-logging-1.12.0.jar;C:\Users\computer market\.m2\repository\io\opentelemetry\opentelemetry-sdk-metrics\1.12.0-alpha\opentelemetry-sdk-metrics-1.12.0-alpha.jar;C:\Users\computer market\.m2\repository\io\opentelemetry\opentelemetry-sdk-logs\1.12.0-alpha\opentelemetry-sdk-logs-1.12.0-alpha.jar;C:\Users\computer market\.m2\repository\io\opentelemetry\opentelemetry-sdk-common\1.12.0\opentelemetry-sdk-common-1.12.0.jar;C:\Users\computer market\.m2\repository\io\opentelemetry\opentelemetry-sdk-extension-autoconfigure-spi\1.12.0\opentelemetry-sdk-extension-autoconfigure-spi-1.12.0.jar;C:\Users\computer market\.m2\repository\io\opentelemetry\opentelemetry-sdk-extension-autoconfigure\1.12.0-alpha\opentelemetry-sdk-extension-autoconfigure-1.12.0-alpha.jar;C:\Users\computer market\.m2\repository\io\opentelemetry\opentelemetry-sdk-trace\1.12.0\opentelemetry-sdk-trace-1.12.0.jar;C:\Users\computer market\.m2\repository\io\opentelemetry\opentelemetry-sdk\1.12.0\opentelemetry-sdk-1.12.0.jar;C:\Users\computer market\.m2\repository\io\opentelemetry\opentelemetry-semconv\1.12.0-alpha\opentelemetry-semconv-1.12.0-alpha.jar;C:\Users\computer market\.m2\repository\io\ous\jtoml\2.0.0\jtoml-2.0.0.jar;C:\Users\computer market\.m2\repository\net\bytebuddy\byte-buddy\1.12.8\byte-buddy-1.12.8.jar;C:\Users\computer market\.m2\repository\org\apache\commons\commons-exec\1.3\commons-exec-1.3.jar;C:\Users\computer market\.m2\repository\org\asynchttpclient\async-http-client\2.12.3\async-http-client-2.12.3.jar;C:\Users\computer market\.m2\repository\org\asynchttpclient\async-http-client-netty-utils\2.12.3\async-http-client-netty-utils-2.12.3.jar;C:\Users\computer market\.m2\repository\io\netty\netty-codec-socks\4.1.60.Final\netty-codec-socks-4.1.60.Final.jar;C:\Users\computer market\.m2\repository\io\netty\netty-handler-proxy\4.1.60.Final\netty-handler-proxy-4.1.60.Final.jar;C:\Users\computer market\.m2\repository\io\netty\netty-transport-native-epoll\4.1.60.Final\netty-transport-native-epoll-4.1.60.Final-linux-x86_64.jar;C:\Users\computer market\.m2\repository\io\netty\netty-transport-native-kqueue\4.1.60.Final\netty-transport-native-kqueue-4.1.60.Final-osx-x86_64.jar;C:\Users\computer market\.m2\repository\org\reactivestreams\reactive-streams\1.0.3\reactive-streams-1.0.3.jar;C:\Users\computer market\.m2\repository\com\typesafe\netty\netty-reactive-streams\2.0.4\netty-reactive-streams-2.0.4.jar;C:\Users\computer market\.m2\repository\com\sun\activation\jakarta.activation\1.2.2\jakarta.activation-1.2.2.jar;C:\Users\computer market\.m2\repository\org\seleniumhq\selenium\selenium-http\4.1.3\selenium-http-4.1.3.jar;C:\Users\computer market\.m2\repository\dev\failsafe\failsafe\3.2.3\failsafe-3.2.3.jar;C:\Users\computer market\.m2\repository\org\seleniumhq\selenium\selenium-safari-driver\4.1.3\selenium-safari-driver-4.1.3.jar;C:\Users\computer market\.m2\repository\org\seleniumhq\selenium\selenium-support\4.1.3\selenium-support-4.1.3.jar;C:\Users\computer market\.m2\repository\org\testng\testng\7.5\testng-7.5.jar;C:\Users\computer market\.m2\repository\com\google\code\findbugs\jsr305\3.0.1\jsr305-3.0.1.jar;C:\Users\computer market\.m2\repository\com\beust\jcommander\1.78\jcommander-1.78.jar;C:\Users\computer market\.m2\repository\org\webjars\jquery\3.5.1\jquery-3.5.1.jar;"/>
    <property name="java.vm.vendor" value="Oracle Corporation"/>
    <property name="sun.arch.data.model" value="64"/>
    <property name="user.variant" value=""/>
    <property name="java.vendor.url" value="http://java.oracle.com/"/>
    <property name="user.timezone" value="Africa/Cairo"/>
    <property name="java.vm.specification.version" value="1.8"/>
    <property name="os.name" value="Windows 10"/>
    <property name="user.country" value="US"/>
    <property name="sun.java.launcher" value="SUN_STANDARD"/>
    <property name="sun.boot.library.path" value="C:\Program Files\Java\jdk1.8.0_321\jre\bin"/>
    <property name="sun.java.command" value="C:\Users\computer market\AppData\Local\Temp\surefire4069275301950415710\surefirebooter4900609581146801047.jar C:\Users\computer market\AppData\Local\Temp\surefire4069275301950415710 2022-04-27T23-09-27_823-jvmRun1 surefire1497100174700672513tmp surefire_01953290536044483687tmp"/>
    <property name="surefire.test.class.path" value="E:\mostafa\.1testing\tef\target\test-classes;E:\mostafa\.1testing\tef\target\classes;C:\Users\computer market\.m2\repository\org\apache\logging\log4j\log4j-slf4j-impl\2.13.3\log4j-slf4j-impl-2.13.3.jar;C:\Users\computer market\.m2\repository\org\slf4j\slf4j-api\1.7.25\slf4j-api-1.7.25.jar;C:\Users\computer market\.m2\repository\org\apache\logging\log4j\log4j-api\2.13.3\log4j-api-2.13.3.jar;C:\Users\computer market\.m2\repository\org\apache\logging\log4j\log4j-core\2.13.3\log4j-core-2.13.3.jar;C:\Users\computer market\.m2\repository\org\seleniumhq\selenium\selenium-java\4.1.3\selenium-java-4.1.3.jar;C:\Users\computer market\.m2\repository\org\seleniumhq\selenium\selenium-api\4.1.3\selenium-api-4.1.3.jar;C:\Users\computer market\.m2\repository\org\seleniumhq\selenium\selenium-chrome-driver\4.1.3\selenium-chrome-driver-4.1.3.jar;C:\Users\computer market\.m2\repository\com\google\auto\service\auto-service-annotations\1.0.1\auto-service-annotations-1.0.1.jar;C:\Users\computer market\.m2\repository\com\google\auto\service\auto-service\1.0.1\auto-service-1.0.1.jar;C:\Users\computer market\.m2\repository\com\google\auto\auto-common\1.2\auto-common-1.2.jar;C:\Users\computer market\.m2\repository\com\google\guava\guava\31.1-jre\guava-31.1-jre.jar;C:\Users\computer market\.m2\repository\com\google\guava\failureaccess\1.0.1\failureaccess-1.0.1.jar;C:\Users\computer market\.m2\repository\com\google\guava\listenablefuture\9999.0-empty-to-avoid-conflict-with-guava\listenablefuture-9999.0-empty-to-avoid-conflict-with-guava.jar;C:\Users\computer market\.m2\repository\org\checkerframework\checker-qual\3.12.0\checker-qual-3.12.0.jar;C:\Users\computer market\.m2\repository\com\google\errorprone\error_prone_annotations\2.11.0\error_prone_annotations-2.11.0.jar;C:\Users\computer market\.m2\repository\com\google\j2objc\j2objc-annotations\1.3\j2objc-annotations-1.3.jar;C:\Users\computer market\.m2\repository\org\seleniumhq\selenium\selenium-chromium-driver\4.1.3\selenium-chromium-driver-4.1.3.jar;C:\Users\computer market\.m2\repository\org\seleniumhq\selenium\selenium-json\4.1.3\selenium-json-4.1.3.jar;C:\Users\computer market\.m2\repository\org\seleniumhq\selenium\selenium-devtools-v85\4.1.3\selenium-devtools-v85-4.1.3.jar;C:\Users\computer market\.m2\repository\org\seleniumhq\selenium\selenium-devtools-v97\4.1.3\selenium-devtools-v97-4.1.3.jar;C:\Users\computer market\.m2\repository\org\seleniumhq\selenium\selenium-devtools-v98\4.1.3\selenium-devtools-v98-4.1.3.jar;C:\Users\computer market\.m2\repository\org\seleniumhq\selenium\selenium-devtools-v99\4.1.3\selenium-devtools-v99-4.1.3.jar;C:\Users\computer market\.m2\repository\org\seleniumhq\selenium\selenium-edge-driver\4.1.3\selenium-edge-driver-4.1.3.jar;C:\Users\computer market\.m2\repository\org\seleniumhq\selenium\selenium-firefox-driver\4.1.3\selenium-firefox-driver-4.1.3.jar;C:\Users\computer market\.m2\repository\org\seleniumhq\selenium\selenium-ie-driver\4.1.3\selenium-ie-driver-4.1.3.jar;C:\Users\computer market\.m2\repository\org\seleniumhq\selenium\selenium-opera-driver\4.1.3\selenium-opera-driver-4.1.3.jar;C:\Users\computer market\.m2\repository\org\seleniumhq\selenium\selenium-remote-driver\4.1.3\selenium-remote-driver-4.1.3.jar;C:\Users\computer market\.m2\repository\io\netty\netty-buffer\4.1.75.Final\netty-buffer-4.1.75.Final.jar;C:\Users\computer market\.m2\repository\io\netty\netty-codec-http\4.1.75.Final\netty-codec-http-4.1.75.Final.jar;C:\Users\computer market\.m2\repository\io\netty\netty-codec\4.1.75.Final\netty-codec-4.1.75.Final.jar;C:\Users\computer market\.m2\repository\io\netty\netty-handler\4.1.75.Final\netty-handler-4.1.75.Final.jar;C:\Users\computer market\.m2\repository\io\netty\netty-common\4.1.75.Final\netty-common-4.1.75.Final.jar;C:\Users\computer market\.m2\repository\io\netty\netty-transport-classes-epoll\4.1.75.Final\netty-transport-classes-epoll-4.1.75.Final.jar;C:\Users\computer market\.m2\repository\io\netty\netty-transport-classes-kqueue\4.1.75.Final\netty-transport-classes-kqueue-4.1.75.Final.jar;C:\Users\computer market\.m2\repository\io\netty\netty-transport-native-epoll\4.1.75.Final\netty-transport-native-epoll-4.1.75.Final.jar;C:\Users\computer market\.m2\repository\io\netty\netty-transport-native-kqueue\4.1.75.Final\netty-transport-native-kqueue-4.1.75.Final.jar;C:\Users\computer market\.m2\repository\io\netty\netty-transport-native-unix-common\4.1.75.Final\netty-transport-native-unix-common-4.1.75.Final.jar;C:\Users\computer market\.m2\repository\io\netty\netty-transport\4.1.75.Final\netty-transport-4.1.75.Final.jar;C:\Users\computer market\.m2\repository\io\netty\netty-resolver\4.1.75.Final\netty-resolver-4.1.75.Final.jar;C:\Users\computer market\.m2\repository\io\opentelemetry\opentelemetry-api\1.12.0\opentelemetry-api-1.12.0.jar;C:\Users\computer market\.m2\repository\io\opentelemetry\opentelemetry-context\1.12.0\opentelemetry-context-1.12.0.jar;C:\Users\computer market\.m2\repository\io\opentelemetry\opentelemetry-exporter-logging\1.12.0\opentelemetry-exporter-logging-1.12.0.jar;C:\Users\computer market\.m2\repository\io\opentelemetry\opentelemetry-sdk-metrics\1.12.0-alpha\opentelemetry-sdk-metrics-1.12.0-alpha.jar;C:\Users\computer market\.m2\repository\io\opentelemetry\opentelemetry-sdk-logs\1.12.0-alpha\opentelemetry-sdk-logs-1.12.0-alpha.jar;C:\Users\computer market\.m2\repository\io\opentelemetry\opentelemetry-sdk-common\1.12.0\opentelemetry-sdk-common-1.12.0.jar;C:\Users\computer market\.m2\repository\io\opentelemetry\opentelemetry-sdk-extension-autoconfigure-spi\1.12.0\opentelemetry-sdk-extension-autoconfigure-spi-1.12.0.jar;C:\Users\computer market\.m2\repository\io\opentelemetry\opentelemetry-sdk-extension-autoconfigure\1.12.0-alpha\opentelemetry-sdk-extension-autoconfigure-1.12.0-alpha.jar;C:\Users\computer market\.m2\repository\io\opentelemetry\opentelemetry-sdk-trace\1.12.0\opentelemetry-sdk-trace-1.12.0.jar;C:\Users\computer market\.m2\repository\io\opentelemetry\opentelemetry-sdk\1.12.0\opentelemetry-sdk-1.12.0.jar;C:\Users\computer market\.m2\repository\io\opentelemetry\opentelemetry-semconv\1.12.0-alpha\opentelemetry-semconv-1.12.0-alpha.jar;C:\Users\computer market\.m2\repository\io\ous\jtoml\2.0.0\jtoml-2.0.0.jar;C:\Users\computer market\.m2\repository\net\bytebuddy\byte-buddy\1.12.8\byte-buddy-1.12.8.jar;C:\Users\computer market\.m2\repository\org\apache\commons\commons-exec\1.3\commons-exec-1.3.jar;C:\Users\computer market\.m2\repository\org\asynchttpclient\async-http-client\2.12.3\async-http-client-2.12.3.jar;C:\Users\computer market\.m2\repository\org\asynchttpclient\async-http-client-netty-utils\2.12.3\async-http-client-netty-utils-2.12.3.jar;C:\Users\computer market\.m2\repository\io\netty\netty-codec-socks\4.1.60.Final\netty-codec-socks-4.1.60.Final.jar;C:\Users\computer market\.m2\repository\io\netty\netty-handler-proxy\4.1.60.Final\netty-handler-proxy-4.1.60.Final.jar;C:\Users\computer market\.m2\repository\io\netty\netty-transport-native-epoll\4.1.60.Final\netty-transport-native-epoll-4.1.60.Final-linux-x86_64.jar;C:\Users\computer market\.m2\repository\io\netty\netty-transport-native-kqueue\4.1.60.Final\netty-transport-native-kqueue-4.1.60.Final-osx-x86_64.jar;C:\Users\computer market\.m2\repository\org\reactivestreams\reactive-streams\1.0.3\reactive-streams-1.0.3.jar;C:\Users\computer market\.m2\repository\com\typesafe\netty\netty-reactive-streams\2.0.4\netty-reactive-streams-2.0.4.jar;C:\Users\computer market\.m2\repository\com\sun\activation\jakarta.activation\1.2.2\jakarta.activation-1.2.2.jar;C:\Users\computer market\.m2\repository\org\seleniumhq\selenium\selenium-http\4.1.3\selenium-http-4.1.3.jar;C:\Users\computer market\.m2\repository\dev\failsafe\failsafe\3.2.3\failsafe-3.2.3.jar;C:\Users\computer market\.m2\repository\org\seleniumhq\selenium\selenium-safari-driver\4.1.3\selenium-safari-driver-4.1.3.jar;C:\Users\computer market\.m2\repository\org\seleniumhq\selenium\selenium-support\4.1.3\selenium-support-4.1.3.jar;C:\Users\computer market\.m2\repository\org\testng\testng\7.5\testng-7.5.jar;C:\Users\computer market\.m2\repository\com\google\code\findbugs\jsr305\3.0.1\jsr305-3.0.1.jar;C:\Users\computer market\.m2\repository\com\beust\jcommander\1.78\jcommander-1.78.jar;C:\Users\computer market\.m2\repository\org\webjars\jquery\3.5.1\jquery-3.5.1.jar;"/>
    <property name="sun.cpu.endian" value="little"/>
    <property name="user.home" value="C:\Users\computer market"/>
    <property name="user.language" value="en"/>
    <property name="java.specification.vendor" value="Oracle Corporation"/>
    <property name="java.home" value="C:\Program Files\Java\jdk1.8.0_321\jre"/>
    <property name="basedir" value="E:\mostafa\.1testing\tef"/>
    <property name="file.separator" value="\"/>
    <property name="line.separator" value="&#10;"/>
    <property name="java.vm.specification.vendor" value="Oracle Corporation"/>
    <property name="java.specification.name" value="Java Platform API Specification"/>
    <property name="java.awt.graphicsenv" value="sun.awt.Win32GraphicsEnvironment"/>
    <property name="surefire.real.class.path" value="C:\Users\computer market\AppData\Local\Temp\surefire4069275301950415710\surefirebooter4900609581146801047.jar"/>
    <property name="sun.boot.class.path" value="C:\Program Files\Java\jdk1.8.0_321\jre\lib\resources.jar;C:\Program Files\Java\jdk1.8.0_321\jre\lib\rt.jar;C:\Program Files\Java\jdk1.8.0_321\jre\lib\sunrsasign.jar;C:\Program Files\Java\jdk1.8.0_321\jre\lib\jsse.jar;C:\Program Files\Java\jdk1.8.0_321\jre\lib\jce.jar;C:\Program Files\Java\jdk1.8.0_321\jre\lib\charsets.jar;C:\Program Files\Java\jdk1.8.0_321\jre\lib\jfr.jar;C:\Program Files\Java\jdk1.8.0_321\jre\classes"/>
    <property name="user.script" value=""/>
    <property name="sun.management.compiler" value="HotSpot 64-Bit Tiered Compilers"/>
    <property name="java.runtime.version" value="1.8.0_321-b07"/>
    <property name="user.name" value="computer market"/>
    <property name="path.separator" value=";"/>
    <property name="os.version" value="10.0"/>
    <property name="java.endorsed.dirs" value="C:\Program Files\Java\jdk1.8.0_321\jre\lib\endorsed"/>
    <property name="java.runtime.name" value="Java(TM) SE Runtime Environment"/>
    <property name="file.encoding" value="Cp1252"/>
    <property name="java.vm.name" value="Java HotSpot(TM) 64-Bit Server VM"/>
    <property name="localRepository" value="C:\Users\computer market\.m2\repository"/>
    <property name="java.vendor.url.bug" value="http://bugreport.sun.com/bugreport/"/>
    <property name="java.io.tmpdir" value="C:\Users\COMPUT~1\AppData\Local\Temp\"/>
    <property name="java.version" value="1.8.0_321"/>
    <property name="user.dir" value="E:\mostafa\.1testing\tef"/>
    <property name="os.arch" value="amd64"/>
    <property name="java.vm.specification.name" value="Java Virtual Machine Specification"/>
    <property name="java.awt.printerjob" value="sun.awt.windows.WPrinterJob"/>
    <property name="sun.os.patch.level" value=""/>
    <property name="java.library.path" value="C:\Program Files\Java\jdk1.8.0_321\jre\bin;C:\Windows\Sun\Java\bin;C:\Windows\system32;C:\Windows;C:\Program Files (x86)\Common Files\Oracle\Java\javapath;C:\Windows\system32;C:\Windows;C:\Windows\System32\Wbem;C:\Windows\System32\WindowsPowerShell\v1.0\;C:\Windows\System32\OpenSSH\;C:\Program Files (x86)\NVIDIA Corporation\PhysX\Common;C:\Program Files\Java\jdk1.8.0_321\bin;L:\PROGRAMMES\automation testing\maven\apache-maven-3.8.5-bin\apache-maven-3.8.5\bin;C:\Users\computer market\AppData\Local\Microsoft\WindowsApps;;C:\Users\computer market\AppData\Local\Programs\Microsoft VS Code\bin;."/>
    <property name="java.vm.info" value="mixed mode"/>
    <property name="java.vendor" value="Oracle Corporation"/>
    <property name="java.vm.version" value="25.321-b07"/>
    <property name="java.ext.dirs" value="C:\Program Files\Java\jdk1.8.0_321\jre\lib\ext;C:\Windows\Sun\Java\lib\ext"/>
    <property name="sun.io.unicode.encoding" value="UnicodeLittle"/>
    <property name="java.class.version" value="52.0"/>
  </properties>
  <testcase name="UserchangeCurrencySucsessfuly" classname="tests.CurrencySelectTest" time="0.973">
    <system-err><![CDATA[Starting ChromeDriver 99.0.4844.51 (d537ec02474b5afe23684e7963d538896c63ac77-refs/branch-heads/4844@{#875}) on port 61667
Only local connections are allowed.
Please see https://chromedriver.chromium.org/security-considerations for suggestions on keeping ChromeDriver safe.
ChromeDriver was started successfully.
[1651093771.299][WARNING]: This version of ChromeDriver has not been tested with Chrome version 100.
Apr 27, 2022 11:09:31 PM org.openqa.selenium.remote.ProtocolHandshake createSession
INFO: Detected dialect: W3C
Apr 27, 2022 11:09:31 PM org.openqa.selenium.devtools.CdpVersionFinder findNearestMatch
WARNING: Unable to find an exact match for CDP version 100, so returning the closest version found: 99
Apr 27, 2022 11:09:31 PM org.openqa.selenium.devtools.CdpVersionFinder findNearestMatch
INFO: Found CDP implementation for version 100 of 99
]]></system-err>
  </testcase>
  <testcase name="completeOrder" classname="tests.CurrencySelectTest" time="0.457"/>
  <testcase name="completeOrder" classname="tests.CheckoutAsGuestTest" time="0.511"/>
  <testcase name="userCanSearchForProduct" classname="tests.CheckoutAsGuestTest" time="4.195"/>
  <testcase name="userAddProductToCart" classname="tests.CheckoutAsGuestTest" time="0.045"/>
  <testcase name="opencheckoutpage" classname="tests.CheckoutAsGuestTest" time="0">
    <skipped message="Method tests.CheckoutAsGuestTest.opencheckoutpage() on instance tests.CheckoutAsGuestTest@6913c1fb depends on not successfully finished methods &#10;[tests.CheckoutAsGuestTest.openCart() on instance tests.CheckoutAsGuestTest@6913c1fb]"/>
    <system-out><![CDATA[falid
taking screenshot...
]]></system-out>
  </testcase>
  <testcase name="checkAsGuest" classname="tests.CheckoutAsGuestTest" time="0">
    <skipped message="Method tests.CheckoutAsGuestTest.checkAsGuest() on instance tests.CheckoutAsGuestTest@6913c1fb depends on not successfully finished methods &#10;[tests.CheckoutAsGuestTest.opencheckoutpage() on instance tests.CheckoutAsGuestTest@6913c1fb]"/>
  </testcase>
  <testcase name="fillBillingAddress" classname="tests.CheckoutAsGuestTest" time="0">
    <skipped message="Method tests.CheckoutAsGuestTest.fillBillingAddress() on instance tests.CheckoutAsGuestTest@6913c1fb depends on not successfully finished methods &#10;[tests.CheckoutAsGuestTest.checkAsGuest() on instance tests.CheckoutAsGuestTest@6913c1fb]"/>
  </testcase>
  <testcase name="groundShippingMethod" classname="tests.CheckoutAsGuestTest" time="0">
    <skipped message="Method tests.CheckoutAsGuestTest.groundShippingMethod() on instance tests.CheckoutAsGuestTest@6913c1fb depends on not successfully finished methods &#10;[tests.CheckoutAsGuestTest.fillBillingAddress() on instance tests.CheckoutAsGuestTest@6913c1fb]"/>
  </testcase>
  <testcase name="creditCardPaymentMethod" classname="tests.CheckoutAsGuestTest" time="0">
    <skipped message="Method tests.CheckoutAsGuestTest.creditCardPaymentMethod() on instance tests.CheckoutAsGuestTest@6913c1fb depends on not successfully finished methods &#10;[tests.CheckoutAsGuestTest.groundShippingMethod() on instance tests.CheckoutAsGuestTest@6913c1fb]"/>
  </testcase>
  <testcase name="PaymentInformation" classname="tests.CheckoutAsGuestTest" time="0">
    <skipped message="Method tests.CheckoutAsGuestTest.PaymentInformation() on instance tests.CheckoutAsGuestTest@6913c1fb depends on not successfully finished methods &#10;[tests.CheckoutAsGuestTest.creditCardPaymentMethod() on instance tests.CheckoutAsGuestTest@6913c1fb]"/>
  </testcase>
  <testcase name="confirmOrder" classname="tests.CheckoutAsGuestTest" time="0">
    <skipped message="Method tests.CheckoutAsGuestTest.confirmOrder() on instance tests.CheckoutAsGuestTest@6913c1fb depends on not successfully finished methods &#10;[tests.CheckoutAsGuestTest.PaymentInformation() on instance tests.CheckoutAsGuestTest@6913c1fb]"/>
  </testcase>
  <testcase name="openOrderDetailslink" classname="tests.CheckoutAsGuestTest" time="0">
    <skipped message="Method tests.CheckoutAsGuestTest.openOrderDetailslink() on instance tests.CheckoutAsGuestTest@6913c1fb depends on not successfully finished methods &#10;[tests.CheckoutAsGuestTest.confirmOrder() on instance tests.CheckoutAsGuestTest@6913c1fb]"/>
  </testcase>
  <testcase name="downloadInvoic" classname="tests.CheckoutAsGuestTest" time="0">
    <skipped message="Method tests.CheckoutAsGuestTest.downloadInvoic() on instance tests.CheckoutAsGuestTest@6913c1fb depends on not successfully finished methods &#10;[tests.CheckoutAsGuestTest.openOrderDetailslink() on instance tests.CheckoutAsGuestTest@6913c1fb]"/>
  </testcase>
  <testcase name="printOrder" classname="tests.CheckoutAsGuestTest" time="0">
    <skipped message="Method tests.CheckoutAsGuestTest.printOrder() on instance tests.CheckoutAsGuestTest@6913c1fb depends on not successfully finished methods &#10;[tests.CheckoutAsGuestTest.downloadInvoic() on instance tests.CheckoutAsGuestTest@6913c1fb]"/>
  </testcase>
  <testcase name="completeOrder" classname="tests.ComparisonTest" time="0.524"/>
  <testcase name="usercanAddSecondItemToproduct" classname="tests.ComparisonTest" time="0">
    <skipped message="Method tests.ComparisonTest.usercanAddSecondItemToproduct() on instance tests.ComparisonTest@587e5365 depends on not successfully finished methods &#10;[tests.ComparisonTest.usercanAddFirstItemToproduct() on instance tests.ComparisonTest@587e5365]"/>
    <system-out><![CDATA[falid
taking screenshot...
]]></system-out>
  </testcase>
  <testcase name="completeOrder" classname="tests.ContactUsTest" time="0.442"/>
  <testcase name="userUseContactUsQuery" classname="tests.ContactUsTest" time="1.405"/>
  <testcase name="completeOrder" classname="tests.EmailFriendTest" time="0.435"/>
  <testcase name="searchProductUsingAutoSuggest" classname="tests.EmailFriendTest" time="0">
    <skipped message="Method tests.EmailFriendTest.searchProductUsingAutoSuggest() on instance tests.EmailFriendTest@ae13544 depends on not successfully finished methods &#10;[tests.EmailFriendTest.userCanTestSucessfully() on instance tests.EmailFriendTest@ae13544]"/>
    <system-out><![CDATA[falid
taking screenshot...
]]></system-out>
  </testcase>
  <testcase name="userEmailFriendSucsessfully" classname="tests.EmailFriendTest" time="0">
    <skipped message="Method tests.EmailFriendTest.userEmailFriendSucsessfully() on instance tests.EmailFriendTest@ae13544 depends on not successfully finished methods &#10;[tests.EmailFriendTest.searchProductUsingAutoSuggest() on instance tests.EmailFriendTest@ae13544]"/>
  </testcase>
  <testcase name="completeOrder" classname="tests.JewelerytSortByTest" time="0.491"/>
  <testcase name="userChangeSortionSucsessfully" classname="tests.JewelerytSortByTest" time="0.78"/>
  <testcase name="completeOrder" classname="tests.SearchProductByAutocompleteTest" time="0.447"/>
  <testcase name="searchProductUsingAutoSuggest" classname="tests.SearchProductByAutocompleteTest" time="2.806"/>
  <testcase name="completeOrder" classname="tests.SearchProductTest" time="0.48"/>
  <testcase name="userCanSearchForProduct" classname="tests.SearchProductTest" time="1.642"/>
  <testcase name="completeOrder" classname="tests.ShoppingCartTest" time="0.443"/>
  <testcase name="userAddProductToCart" classname="tests.ShoppingCartTest" time="0">
    <skipped message="Method tests.ShoppingCartTest.userAddProductToCart() on instance tests.ShoppingCartTest@43c1b556 depends on not successfully finished methods &#10;[tests.ShoppingCartTest.userCanSearchForProduct() on instance tests.ShoppingCartTest@43c1b556]"/>
    <system-out><![CDATA[falid
taking screenshot...
]]></system-out>
  </testcase>
  <testcase name="openCart" classname="tests.ShoppingCartTest" time="0">
    <skipped message="Method tests.ShoppingCartTest.openCart() on instance tests.ShoppingCartTest@43c1b556 depends on not successfully finished methods &#10;[tests.ShoppingCartTest.userAddProductToCart() on instance tests.ShoppingCartTest@43c1b556]"/>
  </testcase>
  <testcase name="checkingProduct" classname="tests.ShoppingCartTest" time="0">
    <skipped message="Method tests.ShoppingCartTest.checkingProduct() on instance tests.ShoppingCartTest@43c1b556 depends on not successfully finished methods &#10;[tests.ShoppingCartTest.openCart() on instance tests.ShoppingCartTest@43c1b556]"/>
  </testcase>
  <testcase name="addQty" classname="tests.ShoppingCartTest" time="0">
    <skipped message="Method tests.ShoppingCartTest.addQty() on instance tests.ShoppingCartTest@43c1b556 depends on not successfully finished methods &#10;[tests.ShoppingCartTest.checkingProduct() on instance tests.ShoppingCartTest@43c1b556]"/>
  </testcase>
  <testcase name="completeOrder" classname="tests.WishlistTset" time="0.453"/>
  <testcase name="searchForproduct" classname="tests.WishlistTset" time="2.394"/>
  <testcase name="addItemToWishist" classname="tests.WishlistTset" time="0.048"/>
  <testcase name="openwishlistPage" classname="tests.WishlistTset" time="1.314"/>
  <testcase name="removeItemFromWishlist" classname="tests.WishlistTset" time="0.454"/>
  <testcase name="completeOrder" classname="tests.hoverMenuTset" time="0.443"/>
  <testcase name="userOpennootbookspage" classname="tests.hoverMenuTset" time="0.88"/>
  <testcase name="completeOrder" classname="tests.userRegistrationTest" time="0.442"/>
  <testcase name="userCanLogoutSucessfully" classname="tests.userRegistrationTest" time="0">
    <skipped message="Method tests.userRegistrationTest.userCanLogoutSucessfully() on instance tests.userRegistrationTest@305b7c14 depends on not successfully finished methods &#10;[tests.userRegistrationTest.userCanTestSucessfully() on instance tests.userRegistrationTest@305b7c14]"/>
    <system-out><![CDATA[falid
taking screenshot...
]]></system-out>
  </testcase>
  <testcase name="userCanLoginSucesessfully" classname="tests.userRegistrationTest" time="0">
    <skipped message="Method tests.userRegistrationTest.userCanLoginSucesessfully() on instance tests.userRegistrationTest@305b7c14 depends on not successfully finished methods &#10;[tests.userRegistrationTest.userCanLogoutSucessfully() on instance tests.userRegistrationTest@305b7c14]"/>
  </testcase>
  <testcase name="completeOrder" classname="tests.ReviewTest" time="0.482"/>
  <testcase name="userSearchProduct" classname="tests.ReviewTest" time="0">
    <skipped message="Method tests.ReviewTest.userSearchProduct() on instance tests.ReviewTest@70325e14 depends on not successfully finished methods &#10;[tests.ReviewTest.userCanRegiset() on instance tests.ReviewTest@70325e14]"/>
    <system-out><![CDATA[falid
taking screenshot...
]]></system-out>
  </testcase>
  <testcase name="userAddReview" classname="tests.ReviewTest" time="0">
    <skipped message="Method tests.ReviewTest.userAddReview() on instance tests.ReviewTest@70325e14 depends on not successfully finished methods &#10;[tests.ReviewTest.userSearchProduct() on instance tests.ReviewTest@70325e14]"/>
  </testcase>
  <testcase name="userCanLogout" classname="tests.ReviewTest" time="0">
    <skipped message="Method tests.ReviewTest.userCanLogout() on instance tests.ReviewTest@70325e14 depends on not successfully finished methods &#10;[tests.ReviewTest.userAddReview() on instance tests.ReviewTest@70325e14]"/>
  </testcase>
  <testcase name="userCanLoginSucesessfully" classname="tests.userLoginTest" time="1.187"/>
</testsuite>