<?xml version="1.0" encoding="UTF-8"?>
<!-- Generated by org.testng.reporters.JUnitReportReporter -->
<testsuite hostname="DESKTOP-COEV6PK" failures="0" tests="1" name="tests.UserRegistrationWithDDTAndPropertiesFile" time="4.343" errors="0" timestamp="2022-04-30T02:10:41 EET" skipped="0">
  <testcase classname="tests.UserRegistrationWithDDTAndPropertiesFile" name="userCanRegisterSucessfully" time="4.343"/>
  <system-out/>
</testsuite> <!-- tests.UserRegistrationWithDDTAndPropertiesFile -->
