<?xml version="1.0" encoding="UTF-8"?>
<!-- Generated by org.testng.reporters.JUnitReportReporter -->
<testsuite hostname="DESKTOP-COEV6PK" failures="0" tests="2" name="tests.SearchProductTest" time="2.509" errors="0" timestamp="2022-04-26T06:18:47 EET" skipped="0">
  <testcase classname="tests.SearchProductTest" name="completeOrder" time="0.593"/>
  <system-out/>
  <testcase classname="tests.SearchProductTest" name="userCanSearchForProduct" time="1.916"/>
  <system-out/>
</testsuite> <!-- tests.SearchProductTest -->
