<?xml version="1.0" encoding="UTF-8"?>
<!-- Generated by org.testng.reporters.JUnitReportReporter -->
<testsuite hostname="DESKTOP-COEV6PK" failures="0" tests="2" name="tests.UserChangePasswordTest" time="7.607" errors="0" timestamp="2022-04-25T05:24:48 EET" skipped="0">
  <testcase classname="tests.UserChangePasswordTest" name="userChangePasswordSucsessfully" time="3.921"/>
  <system-out/>
  <testcase classname="tests.UserChangePasswordTest" name="userCanTestSucessfully" time="3.686"/>
  <system-out/>
</testsuite> <!-- tests.UserChangePasswordTest -->
