<?xml version="1.0" encoding="UTF-8"?>
<!-- Generated by org.testng.reporters.JUnitReportReporter -->
<testsuite hostname="DESKTOP-COEV6PK" failures="0" tests="4" name="tests.EmailFriendTest" time="6.815" errors="0" timestamp="2022-04-26T06:18:47 EET" skipped="0">
  <testcase classname="tests.EmailFriendTest" name="searchProductUsingAutoSuggest" time="1.809"/>
  <system-out/>
  <testcase classname="tests.EmailFriendTest" name="completeOrder" time="0.555"/>
  <system-out/>
  <testcase classname="tests.EmailFriendTest" name="userEmailFriendSucsessfully" time="1.767"/>
  <system-out/>
  <testcase classname="tests.EmailFriendTest" name="userCanTestSucessfully" time="2.684"/>
  <system-out/>
</testsuite> <!-- tests.EmailFriendTest -->
