<?xml version="1.0" encoding="UTF-8"?>
<!-- Generated by org.testng.reporters.JUnitReportReporter -->
<testsuite hostname="DESKTOP-COEV6PK" failures="0" tests="2" name="tests.CurrencySelectTest" time="1.686" errors="0" timestamp="2022-04-26T06:18:47 EET" skipped="0">
  <testcase classname="tests.CurrencySelectTest" name="UserchangeCurrencySucsessfuly" time="1.135"/>
  <system-out/>
  <testcase classname="tests.CurrencySelectTest" name="completeOrder" time="0.551"/>
  <system-out/>
</testsuite> <!-- tests.CurrencySelectTest -->
