<?xml version="1.0" encoding="UTF-8"?>
<!-- Generated by org.testng.reporters.JUnitReportReporter -->
<testsuite hostname="DESKTOP-COEV6PK" failures="0" tests="3" name="runners.TestRunner" time="11.100" errors="0" timestamp="2022-05-08T13:31:40 EET" skipped="0">
  <testcase classname="runners.TestRunner" name="runScenario" time="3.554"/>
  <system-out/>
  <testcase classname="runners.TestRunner" name="runScenario" time="4.038"/>
  <system-out/>
  <testcase classname="runners.TestRunner" name="runScenario" time="3.508"/>
  <system-out/>
</testsuite> <!-- runners.TestRunner -->
