<?xml version="1.0" encoding="UTF-8"?>
<!-- Generated by org.testng.reporters.JUnitReportReporter -->
<testsuite hostname="DESKTOP-COEV6PK" failures="0" tests="4" name="tests.ComparisonTest" time="17.370" errors="0" timestamp="2022-04-26T06:18:47 EET" skipped="0">
  <testcase classname="tests.ComparisonTest" name="usercanAddSecondItemToproduct" time="5.982"/>
  <system-out/>
  <testcase classname="tests.ComparisonTest" name="completeOrder" time="0.542"/>
  <system-out/>
  <testcase classname="tests.ComparisonTest" name="usercanAddFirstItemToproduct" time="9.131"/>
  <system-out/>
  <testcase classname="tests.ComparisonTest" name="removeCoparisonProducts" time="1.715"/>
  <system-out/>
</testsuite> <!-- tests.ComparisonTest -->
