<?xml version="1.0" encoding="UTF-8"?>
<!-- Generated by org.testng.reporters.JUnitReportReporter -->
<testsuite hostname="DESKTOP-COEV6PK" failures="0" tests="2" name="tests.ContactUsTest" time="2.426" errors="0" timestamp="2022-04-26T06:18:47 EET" skipped="0">
  <testcase classname="tests.ContactUsTest" name="completeOrder" time="0.550"/>
  <system-out/>
  <testcase classname="tests.ContactUsTest" name="userUseContactUsQuery" time="1.876"/>
  <system-out/>
</testsuite> <!-- tests.ContactUsTest -->
