<?xml version="1.0" encoding="UTF-8"?>
<!-- Generated by org.testng.reporters.JUnitReportReporter -->
<testsuite hostname="DESKTOP-COEV6PK" failures="0" tests="4" name="tests.UserRegistrationWithDDTAndExcel" time="16.929" errors="0" timestamp="2022-04-30T11:42:28 EET" skipped="0">
  <testcase classname="tests.UserRegistrationWithDDTAndExcel" name="userCanRegisterSucessfully" time="4.523"/>
  <system-out/>
  <testcase classname="tests.UserRegistrationWithDDTAndExcel" name="userCanRegisterSucessfully" time="4.107"/>
  <system-out/>
  <testcase classname="tests.UserRegistrationWithDDTAndExcel" name="userCanRegisterSucessfully" time="4.192"/>
  <system-out/>
  <testcase classname="tests.UserRegistrationWithDDTAndExcel" name="userCanRegisterSucessfully" time="4.107"/>
  <system-out/>
</testsuite> <!-- tests.UserRegistrationWithDDTAndExcel -->
