<?xml version="1.0" encoding="UTF-8"?>
<!-- Generated by org.testng.reporters.JUnitReportReporter -->
<testsuite hostname="DESKTOP-COEV6PK" failures="0" tests="1" name="tests.UserRegistrationWithDDTAndCsv" time="16.445" errors="0" timestamp="2022-05-05T13:35:33 EET" skipped="0">
  <testcase classname="tests.UserRegistrationWithDDTAndCsv" name="userCanRegisterSucessfully" time="16.445"/>
  <system-out/>
</testsuite> <!-- tests.UserRegistrationWithDDTAndCsv -->
