<?xml version="1.0" encoding="UTF-8"?>
<!-- Generated by org.testng.reporters.JUnitReportReporter -->
<testsuite hostname="DESKTOP-COEV6PK" failures="0" tests="5" name="tests.WishlistTset" time="4.034" errors="0" timestamp="2022-04-26T06:18:47 EET" skipped="0">
  <testcase classname="tests.WishlistTset" name="openwishlistPage" time="0.757"/>
  <system-out/>
  <testcase classname="tests.WishlistTset" name="completeOrder" time="0.664"/>
  <system-out/>
  <testcase classname="tests.WishlistTset" name="addItemToWishist" time="0.064"/>
  <system-out/>
  <testcase classname="tests.WishlistTset" name="removeItemFromWishlist" time="0.657"/>
  <system-out/>
  <testcase classname="tests.WishlistTset" name="searchForproduct" time="1.892"/>
  <system-out/>
</testsuite> <!-- tests.WishlistTset -->
