<?xml version="1.0" encoding="UTF-8"?>
<!-- Generated by org.testng.reporters.JUnitReportReporter -->
<testsuite hostname="DESKTOP-COEV6PK" failures="0" tests="2" name="tests.SearchProductByAutocompleteTest" time="2.996" errors="0" timestamp="2022-04-26T06:18:47 EET" skipped="0">
  <testcase classname="tests.SearchProductByAutocompleteTest" name="searchProductUsingAutoSuggest" time="2.440"/>
  <system-out/>
  <testcase classname="tests.SearchProductByAutocompleteTest" name="completeOrder" time="0.556"/>
  <system-out/>
</testsuite> <!-- tests.SearchProductByAutocompleteTest -->
