<?xml version="1.0" encoding="UTF-8"?>
<!-- Generated by org.testng.reporters.JUnitReportReporter -->
<testsuite hostname="DESKTOP-COEV6PK" failures="0" tests="5" name="tests.ReviewTest" time="8.056" errors="0" timestamp="2022-04-26T06:18:47 EET" skipped="0">
  <testcase classname="tests.ReviewTest" name="userCanLogout" time="0.984"/>
  <system-out/>
  <testcase classname="tests.ReviewTest" name="completeOrder" time="0.545"/>
  <system-out/>
  <testcase classname="tests.ReviewTest" name="userAddReview" time="1.614"/>
  <system-out/>
  <testcase classname="tests.ReviewTest" name="userSearchProduct" time="1.919"/>
  <system-out/>
  <testcase classname="tests.ReviewTest" name="userCanRegiset" time="2.994"/>
  <system-out/>
</testsuite> <!-- tests.ReviewTest -->
