<?xml version="1.0" encoding="UTF-8"?>
<!-- Generated by org.testng.reporters.JUnitReportReporter -->
<testsuite hostname="DESKTOP-COEV6PK" failures="0" tests="2" name="tests.hoverMenuTset" time="2.921" errors="0" timestamp="2022-04-26T06:18:47 EET" skipped="0">
  <testcase classname="tests.hoverMenuTset" name="completeOrder" time="0.545"/>
  <system-out/>
  <testcase classname="tests.hoverMenuTset" name="userOpennootbookspage" time="2.376"/>
  <system-out/>
</testsuite> <!-- tests.hoverMenuTset -->
