<?xml version="1.0" encoding="UTF-8"?>
<!-- Generated by org.testng.reporters.JUnitReportReporter -->
<testsuite hostname="DESKTOP-COEV6PK" failures="0" tests="2" name="tests.JewelerytSortByTest" time="1.577" errors="0" timestamp="2022-04-26T06:18:47 EET" skipped="0">
  <testcase classname="tests.JewelerytSortByTest" name="completeOrder" time="0.543"/>
  <system-out/>
  <testcase classname="tests.JewelerytSortByTest" name="userChangeSortionSucsessfully" time="1.034"/>
  <system-out/>
</testsuite> <!-- tests.JewelerytSortByTest -->
