<?xml version="1.0" encoding="UTF-8"?>
<!-- Generated by org.testng.reporters.JUnitReportReporter -->
<testsuite hostname="DESKTOP-COEV6PK" failures="0" tests="6" name="tests.ShoppingCartTest" time="0.001" errors="0" timestamp="2022-05-09T16:40:52 EET" skipped="6">
  <testcase classname="tests.ShoppingCartTest" name="openCart" time="0.000">
    <skipped/>
  </testcase> <!-- openCart -->
  <system-out/>
  <testcase classname="tests.ShoppingCartTest" name="completeOrder" time="0.001">
    <skipped/>
  </testcase> <!-- completeOrder -->
  <system-out/>
  <testcase classname="tests.ShoppingCartTest" name="userAddProductToCart" time="0.000">
    <skipped/>
  </testcase> <!-- userAddProductToCart -->
  <system-out/>
  <testcase classname="tests.ShoppingCartTest" name="checkingProduct" time="0.000">
    <skipped/>
  </testcase> <!-- checkingProduct -->
  <system-out/>
  <testcase classname="tests.ShoppingCartTest" name="addQty" time="0.000">
    <skipped/>
  </testcase> <!-- addQty -->
  <system-out/>
  <testcase classname="tests.ShoppingCartTest" name="userCanSearchForProduct" time="0.000">
    <skipped/>
  </testcase> <!-- userCanSearchForProduct -->
  <system-out/>
</testsuite> <!-- tests.ShoppingCartTest -->
