<?xml version="1.0" encoding="UTF-8"?>
<!-- Generated by org.testng.reporters.JUnitReportReporter -->
<testsuite hostname="DESKTOP-COEV6PK" failures="0" tests="1" name="tests.UserRegistrationWithDDTAndJSON" time="3.804" errors="0" timestamp="2022-05-01T09:59:47 EET" skipped="0">
  <testcase classname="tests.UserRegistrationWithDDTAndJSON" name="userCanRegisterSucessfully" time="3.804"/>
  <system-out/>
</testsuite> <!-- tests.UserRegistrationWithDDTAndJSON -->
