<?xml version="1.0" encoding="UTF-8"?>
<!-- Generated by org.testng.reporters.JUnitReportReporter -->
<testsuite hostname="DESKTOP-COEV6PK" failures="0" tests="1" name="tests.AAAAA" time="0.007" errors="0" timestamp="2022-05-01T07:41:09 EET" skipped="0">
  <testcase classname="tests.AAAAA" name="completeOrder" time="0.007"/>
  <system-out/>
</testsuite> <!-- tests.AAAAA -->
