<?xml version="1.0" encoding="UTF-8"?>
<!-- Generated by org.testng.reporters.JUnitReportReporter -->
<testsuite hostname="DESKTOP-COEV6PK" failures="0" tests="14" name="tests.CheckoutAsGuestTest" time="13.336" errors="0" timestamp="2022-04-26T06:18:47 EET" skipped="0">
  <testcase classname="tests.CheckoutAsGuestTest" name="fillBillingAddress" time="0.598"/>
  <system-out/>
  <testcase classname="tests.CheckoutAsGuestTest" name="checkAsGuest" time="1.504"/>
  <system-out/>
  <testcase classname="tests.CheckoutAsGuestTest" name="opencheckoutpage" time="2.332"/>
  <system-out/>
  <testcase classname="tests.CheckoutAsGuestTest" name="completeOrder" time="0.566"/>
  <system-out/>
  <testcase classname="tests.CheckoutAsGuestTest" name="downloadInvoic" time="0.450"/>
  <system-out/>
  <testcase classname="tests.CheckoutAsGuestTest" name="creditCardPaymentMethod" time="0.522"/>
  <system-out/>
  <testcase classname="tests.CheckoutAsGuestTest" name="printOrder" time="0.089"/>
  <system-out/>
  <testcase classname="tests.CheckoutAsGuestTest" name="confirmOrder" time="0.486"/>
  <system-out/>
  <testcase classname="tests.CheckoutAsGuestTest" name="groundShippingMethod" time="0.474"/>
  <system-out/>
  <testcase classname="tests.CheckoutAsGuestTest" name="userAddProductToCart" time="0.051"/>
  <system-out/>
  <testcase classname="tests.CheckoutAsGuestTest" name="openCart" time="1.308"/>
  <system-out/>
  <testcase classname="tests.CheckoutAsGuestTest" name="PaymentInformation" time="0.818"/>
  <system-out/>
  <testcase classname="tests.CheckoutAsGuestTest" name="openOrderDetailslink" time="2.033"/>
  <system-out/>
  <testcase classname="tests.CheckoutAsGuestTest" name="userCanSearchForProduct" time="2.105"/>
  <system-out/>
</testsuite> <!-- tests.CheckoutAsGuestTest -->
