<?xml version="1.0" encoding="UTF-8"?>
<!-- Generated by org.testng.reporters.JUnitReportReporter -->
<testsuite hostname="DESKTOP-COEV6PK" failures="0" tests="1" name="tests.UserRegistrationWithDDTAndFakeData" time="4.362" errors="0" timestamp="2022-05-01T10:30:32 EET" skipped="0">
  <testcase classname="tests.UserRegistrationWithDDTAndFakeData" name="userCanRegisterSucessfully" time="4.362"/>
  <system-out/>
</testsuite> <!-- tests.UserRegistrationWithDDTAndFakeData -->
