<?xml version="1.0" encoding="UTF-8"?>
<!-- Generated by org.testng.reporters.JUnitReportReporter -->
<testsuite hostname="DESKTOP-COEV6PK" failures="0" tests="4" name="tests.EmailFriendTest" time="0.001" errors="0" timestamp="2022-05-09T16:40:52 EET" skipped="4">
  <testcase classname="tests.EmailFriendTest" name="searchProductUsingAutoSuggest" time="0.000">
    <skipped/>
  </testcase> <!-- searchProductUsingAutoSuggest -->
  <system-out/>
  <testcase classname="tests.EmailFriendTest" name="completeOrder" time="0.000">
    <skipped/>
  </testcase> <!-- completeOrder -->
  <system-out/>
  <testcase classname="tests.EmailFriendTest" name="userEmailFriendSucsessfully" time="0.001">
    <skipped/>
  </testcase> <!-- userEmailFriendSucsessfully -->
  <system-out/>
  <testcase classname="tests.EmailFriendTest" name="userCanTestSucessfully" time="0.000">
    <skipped/>
  </testcase> <!-- userCanTestSucessfully -->
  <system-out/>
</testsuite> <!-- tests.EmailFriendTest -->
