<?xml version="1.0" encoding="UTF-8"?>
<!-- Generated by org.testng.reporters.JUnitReportReporter -->
<testsuite hostname="DESKTOP-COEV6PK" failures="0" tests="2" name="tests.ContactUsTest" time="0.000" errors="0" timestamp="2022-05-09T16:40:52 EET" skipped="2">
  <testcase classname="tests.ContactUsTest" name="userUseContactUsQuery" time="0.000">
    <skipped/>
  </testcase> <!-- userUseContactUsQuery -->
  <system-out/>
  <testcase classname="tests.ContactUsTest" name="completeOrder" time="0.000">
    <skipped/>
  </testcase> <!-- completeOrder -->
  <system-out/>
</testsuite> <!-- tests.ContactUsTest -->
