<?xml version="1.0" encoding="UTF-8"?>
<!-- Generated by org.testng.reporters.JUnitReportReporter -->
<testsuite hostname="DESKTOP-COEV6PK" failures="0" tests="3" name="tests.userRegistrationTest" time="8.086" errors="0" timestamp="2022-04-30T00:23:42 EET" skipped="0">
  <testcase classname="tests.userRegistrationTest" name="userCanRegisterSucessfully" time="3.656"/>
  <system-out/>
  <testcase classname="tests.userRegistrationTest" name="userCanRegisterSucessfully" time="3.820"/>
  <system-out/>
  <testcase classname="tests.userRegistrationTest" name="returnToHomepage" time="0.610"/>
  <system-out/>
</testsuite> <!-- tests.userRegistrationTest -->
