<?xml version="1.0" encoding="UTF-8"?>
<!-- Generated by org.testng.reporters.JUnitReportReporter -->
<testsuite hostname="DESKTOP-COEV6PK" failures="0" tests="2" name="tests.hoverMenuTset" time="0.651" errors="0" timestamp="2022-05-09T17:44:29 EET" skipped="0">
  <testcase classname="tests.hoverMenuTset" name="completeOrder" time="0.576"/>
  <system-out/>
  <testcase classname="tests.hoverMenuTset" name="userOpennootbookspage" time="0.075"/>
  <system-out/>
</testsuite> <!-- tests.hoverMenuTset -->
