<?xml version="1.0" encoding="UTF-8"?>
<!-- Generated by org.testng.reporters.JUnitReportReporter -->
<testsuite skipped="0" hostname="DESKTOP-COEV6PK" name="tests.SearchProductTest" tests="2" failures="0" timestamp="2022-04-27T23:10:41 EET" time="2.122" errors="0">
  <testcase name="userCanSearchForProduct" time="1.642" classname="tests.SearchProductTest"/>
  <system-out/>
  <testcase name="completeOrder" time="0.480" classname="tests.SearchProductTest"/>
  <system-out/>
</testsuite> <!-- tests.SearchProductTest -->
