<?xml version="1.0" encoding="UTF-8"?>
<!-- Generated by org.testng.reporters.JUnitReportReporter -->
<testsuite skipped="0" hostname="DESKTOP-COEV6PK" name="tests.ContactUsTest" tests="2" failures="0" timestamp="2022-04-27T23:10:41 EET" time="1.849" errors="0">
  <testcase name="completeOrder" time="0.443" classname="tests.ContactUsTest"/>
  <system-out/>
  <testcase name="userUseContactUsQuery" time="1.406" classname="tests.ContactUsTest"/>
  <system-out/>
</testsuite> <!-- tests.ContactUsTest -->
