<?xml version="1.0" encoding="UTF-8"?>
<!-- Generated by org.testng.reporters.JUnitReportReporter -->
<testsuite skipped="0" hostname="DESKTOP-COEV6PK" name="tests.hoverMenuTset" tests="2" failures="0" timestamp="2022-04-27T23:10:41 EET" time="1.324" errors="0">
  <testcase name="userOpennootbookspage" time="0.880" classname="tests.hoverMenuTset"/>
  <system-out/>
  <testcase name="completeOrder" time="0.444" classname="tests.hoverMenuTset"/>
  <system-out/>
</testsuite> <!-- tests.hoverMenuTset -->
