<?xml version="1.0" encoding="UTF-8"?>
<!-- Generated by org.testng.reporters.JUnitReportReporter -->
<testsuite skipped="0" hostname="DESKTOP-COEV6PK" name="tests.JewelerytSortByTest" tests="2" failures="0" timestamp="2022-04-27T23:10:41 EET" time="1.272" errors="0">
  <testcase name="completeOrder" time="0.492" classname="tests.JewelerytSortByTest"/>
  <system-out/>
  <testcase name="userChangeSortionSucsessfully" time="0.780" classname="tests.JewelerytSortByTest"/>
  <system-out/>
</testsuite> <!-- tests.JewelerytSortByTest -->
