<?xml version="1.0" encoding="UTF-8"?>
<!-- Generated by org.testng.reporters.JUnitReportReporter -->
<testsuite skipped="0" hostname="DESKTOP-COEV6PK" name="tests.CurrencySelectTest" tests="2" failures="0" timestamp="2022-04-27T23:10:41 EET" time="1.432" errors="0">
  <testcase name="UserchangeCurrencySucsessfuly" time="0.975" classname="tests.CurrencySelectTest"/>
  <system-out/>
  <testcase name="completeOrder" time="0.457" classname="tests.CurrencySelectTest"/>
  <system-out/>
</testsuite> <!-- tests.CurrencySelectTest -->
