<?xml version="1.0" encoding="UTF-8"?>
<!-- Generated by org.testng.reporters.JUnitReportReporter -->
<testsuite skipped="0" hostname="DESKTOP-COEV6PK" name="tests.SearchProductByAutocompleteTest" tests="2" failures="0" timestamp="2022-04-27T23:10:41 EET" time="3.254" errors="0">
  <testcase name="completeOrder" time="0.448" classname="tests.SearchProductByAutocompleteTest"/>
  <system-out/>
  <testcase name="searchProductUsingAutoSuggest" time="2.806" classname="tests.SearchProductByAutocompleteTest"/>
  <system-out/>
</testsuite> <!-- tests.SearchProductByAutocompleteTest -->
