<?xml version="1.0" encoding="UTF-8"?>
<!-- Generated by org.testng.reporters.JUnitReportReporter -->
<testsuite skipped="0" hostname="DESKTOP-COEV6PK" name="tests.WishlistTset" tests="5" failures="0" timestamp="2022-04-27T23:10:41 EET" time="4.664" errors="0">
  <testcase name="completeOrder" time="0.454" classname="tests.WishlistTset"/>
  <system-out/>
  <testcase name="openwishlistPage" time="1.314" classname="tests.WishlistTset"/>
  <system-out/>
  <testcase name="addItemToWishist" time="0.048" classname="tests.WishlistTset"/>
  <system-out/>
  <testcase name="removeItemFromWishlist" time="0.454" classname="tests.WishlistTset"/>
  <system-out/>
  <testcase name="searchForproduct" time="2.394" classname="tests.WishlistTset"/>
  <system-out/>
</testsuite> <!-- tests.WishlistTset -->
